# JRE version: OpenJDK Runtime Environment (22.0.1+8) (build 22.0.1+8-16)
# Java VM: OpenJDK 64-Bit Server VM (22.0.1+8-16, mixed mode, sharing, tiered, compressed oops, compressed class ptrs, g1 gc, windows-amd64)
GC Precious Log:
 CardTable entry size: 512
 Card Set container configuration: InlinePtr #cards 4 size 8 Array Of Cards #cards 16 size 48 Howl #buckets 8 coarsen threshold 3686 Howl Bitmap #cards 512 size 80 coarsen threshold 460 Card regions per heap region 1 cards per card region 4096
 CPUs: 4 total, 4 available
 Memory: 14246M
 Large Page Support: Disabled
 NUMA Support: Disabled
 Compressed Oops: Enabled (Zero based)
 Heap Region Size: 2M
 Heap Min Capacity: 8M
 Heap Initial Capacity: 224M
 Heap Max Capacity: 3562M
 Pre-touch: Disabled
 Parallel Workers: 4
 Concurrent Workers: 1
 Concurrent Refinement Workers: 4
 Periodic GC: Disabled
Heap:
 garbage-first heap   total reserved 3647488K, committed 49152K, used 30657K [0x0000000721600000, 0x0000000800000000)
  region size 2048K, 3 young (6144K), 1 survivors (2048K)
 Metaspace       used 66174K, committed 66752K, reserved 1114112K
  class space    used 9002K, committed 9280K, reserved 1048576K
GC Heap History (20 events):
Event: 4.779 GC heap before
{Heap before GC invocations=6 (full 0):
 garbage-first heap   total reserved 3647488K, committed 49152K, used 36128K [0x0000000721600000, 0x0000000800000000)
  region size 2048K, 12 young (24576K), 2 survivors (4096K)
 Metaspace       used 26210K, committed 26560K, reserved 1114112K
  class space    used 3278K, committed 3392K, reserved 1048576K
}
Event: 4.783 GC heap after
{Heap after GC invocations=7 (full 0):
 garbage-first heap   total reserved 3647488K, committed 49152K, used 16887K [0x0000000721600000, 0x0000000800000000)
  region size 2048K, 1 young (2048K), 1 survivors (2048K)
 Metaspace       used 26210K, committed 26560K, reserved 1114112K
  class space    used 3278K, committed 3392K, reserved 1048576K
}
Event: 5.491 GC heap before
{Heap before GC invocations=7 (full 0):
 garbage-first heap   total reserved 3647488K, committed 49152K, used 37367K [0x0000000721600000, 0x0000000800000000)
  region size 2048K, 11 young (22528K), 1 survivors (2048K)
 Metaspace       used 29317K, committed 29696K, reserved 1114112K
  class space    used 3716K, committed 3904K, reserved 1048576K
}
Event: 5.496 GC heap after
{Heap after GC invocations=8 (full 0):
 garbage-first heap   total reserved 3647488K, committed 49152K, used 18362K [0x0000000721600000, 0x0000000800000000)
  region size 2048K, 2 young (4096K), 2 survivors (4096K)
 Metaspace       used 29317K, committed 29696K, reserved 1114112K
  class space    used 3716K, committed 3904K, reserved 1048576K
}
Event: 6.180 GC heap before
{Heap before GC invocations=8 (full 0):
 garbage-first heap   total reserved 3647488K, committed 49152K, used 38842K [0x0000000721600000, 0x0000000800000000)
  region size 2048K, 12 young (24576K), 2 survivors (4096K)
 Metaspace       used 33261K, committed 33728K, reserved 1114112K
  class space    used 4286K, committed 4480K, reserved 1048576K
}
Event: 6.186 GC heap after
{Heap after GC invocations=9 (full 0):
 garbage-first heap   total reserved 3647488K, committed 49152K, used 20665K [0x0000000721600000, 0x0000000800000000)
  region size 2048K, 2 young (4096K), 2 survivors (4096K)
 Metaspace       used 33261K, committed 33728K, reserved 1114112K
  class space    used 4286K, committed 4480K, reserved 1048576K
}
Event: 6.592 GC heap before
{Heap before GC invocations=9 (full 0):
 garbage-first heap   total reserved 3647488K, committed 49152K, used 35001K [0x0000000721600000, 0x0000000800000000)
  region size 2048K, 10 young (20480K), 2 survivors (4096K)
 Metaspace       used 35451K, committed 35968K, reserved 1114112K
  class space    used 4518K, committed 4736K, reserved 1048576K
}
Event: 6.597 GC heap after
{Heap after GC invocations=10 (full 0):
 garbage-first heap   total reserved 3647488K, committed 49152K, used 21736K [0x0000000721600000, 0x0000000800000000)
  region size 2048K, 1 young (2048K), 1 survivors (2048K)
 Metaspace       used 35451K, committed 35968K, reserved 1114112K
  class space    used 4518K, committed 4736K, reserved 1048576K
}
Event: 7.409 GC heap before
{Heap before GC invocations=11 (full 0):
 garbage-first heap   total reserved 3647488K, committed 49152K, used 40168K [0x0000000721600000, 0x0000000800000000)
  region size 2048K, 10 young (20480K), 1 survivors (2048K)
 Metaspace       used 42859K, committed 43392K, reserved 1114112K
  class space    used 5437K, committed 5696K, reserved 1048576K
}
Event: 7.412 GC heap after
{Heap after GC invocations=12 (full 0):
 garbage-first heap   total reserved 3647488K, committed 49152K, used 23901K [0x0000000721600000, 0x0000000800000000)
  region size 2048K, 2 young (4096K), 2 survivors (4096K)
 Metaspace       used 42859K, committed 43392K, reserved 1114112K
  class space    used 5437K, committed 5696K, reserved 1048576K
}
Event: 8.176 GC heap before
{Heap before GC invocations=12 (full 0):
 garbage-first heap   total reserved 3647488K, committed 49152K, used 38237K [0x0000000721600000, 0x0000000800000000)
  region size 2048K, 10 young (20480K), 2 survivors (4096K)
 Metaspace       used 46854K, committed 47424K, reserved 1114112K
  class space    used 6083K, committed 6336K, reserved 1048576K
}
Event: 8.188 GC heap after
{Heap after GC invocations=13 (full 0):
 garbage-first heap   total reserved 3647488K, committed 49152K, used 24762K [0x0000000721600000, 0x0000000800000000)
  region size 2048K, 1 young (2048K), 1 survivors (2048K)
 Metaspace       used 46854K, committed 47424K, reserved 1114112K
  class space    used 6083K, committed 6336K, reserved 1048576K
}
Event: 8.804 GC heap before
{Heap before GC invocations=13 (full 0):
 garbage-first heap   total reserved 3647488K, committed 49152K, used 41146K [0x0000000721600000, 0x0000000800000000)
  region size 2048K, 9 young (18432K), 1 survivors (2048K)
 Metaspace       used 51482K, committed 52096K, reserved 1114112K
  class space    used 6782K, committed 7040K, reserved 1048576K
}
Event: 8.808 GC heap after
{Heap after GC invocations=14 (full 0):
 garbage-first heap   total reserved 3647488K, committed 49152K, used 25455K [0x0000000721600000, 0x0000000800000000)
  region size 2048K, 2 young (4096K), 2 survivors (4096K)
 Metaspace       used 51482K, committed 52096K, reserved 1114112K
  class space    used 6782K, committed 7040K, reserved 1048576K
}
Event: 9.285 GC heap before
{Heap before GC invocations=15 (full 0):
 garbage-first heap   total reserved 3647488K, committed 49152K, used 35695K [0x0000000721600000, 0x0000000800000000)
  region size 2048K, 8 young (16384K), 2 survivors (4096K)
 Metaspace       used 54005K, committed 54656K, reserved 1114112K
  class space    used 7133K, committed 7424K, reserved 1048576K
}
Event: 9.288 GC heap after
{Heap after GC invocations=16 (full 0):
 garbage-first heap   total reserved 3647488K, committed 49152K, used 26294K [0x0000000721600000, 0x0000000800000000)
  region size 2048K, 1 young (2048K), 1 survivors (2048K)
 Metaspace       used 54005K, committed 54656K, reserved 1114112K
  class space    used 7133K, committed 7424K, reserved 1048576K
}
Event: 9.883 GC heap before
{Heap before GC invocations=16 (full 0):
 garbage-first heap   total reserved 3647488K, committed 49152K, used 38582K [0x0000000721600000, 0x0000000800000000)
  region size 2048K, 8 young (16384K), 1 survivors (2048K)
 Metaspace       used 59120K, committed 59712K, reserved 1114112K
  class space    used 7959K, committed 8256K, reserved 1048576K
}
Event: 9.887 GC heap after
{Heap after GC invocations=17 (full 0):
 garbage-first heap   total reserved 3647488K, committed 49152K, used 26915K [0x0000000721600000, 0x0000000800000000)
  region size 2048K, 1 young (2048K), 1 survivors (2048K)
 Metaspace       used 59120K, committed 59712K, reserved 1114112K
  class space    used 7959K, committed 8256K, reserved 1048576K
}
Event: 10.418 GC heap before
{Heap before GC invocations=17 (full 0):
 garbage-first heap   total reserved 3647488K, committed 49152K, used 41251K [0x0000000721600000, 0x0000000800000000)
  region size 2048K, 8 young (16384K), 1 survivors (2048K)
 Metaspace       used 62506K, committed 63168K, reserved 1114112K
  class space    used 8478K, committed 8768K, reserved 1048576K
}
Event: 10.420 GC heap after
{Heap after GC invocations=18 (full 0):
 garbage-first heap   total reserved 3647488K, committed 49152K, used 27489K [0x0000000721600000, 0x0000000800000000)
  region size 2048K, 1 young (2048K), 1 survivors (2048K)
 Metaspace       used 62506K, committed 63168K, reserved 1114112K
  class space    used 8478K, committed 8768K, reserved 1048576K
}

