# JRE version: OpenJDK Runtime Environment (22.0.1+8) (build 22.0.1+8-16)
# Java VM: OpenJDK 64-Bit Server VM (22.0.1+8-16, mixed mode, sharing, tiered, compressed oops, compressed class ptrs, g1 gc, windows-amd64)
GC Precious Log:
 CardTable entry size: 512
 Card Set container configuration: InlinePtr #cards 4 size 8 Array Of Cards #cards 16 size 48 Howl #buckets 8 coarsen threshold 3686 Howl Bitmap #cards 512 size 80 coarsen threshold 460 Card regions per heap region 1 cards per card region 4096
 CPUs: 4 total, 4 available
 Memory: 14246M
 Large Page Support: Disabled
 NUMA Support: Disabled
 Compressed Oops: Enabled (Zero based)
 Heap Region Size: 2M
 Heap Min Capacity: 8M
 Heap Initial Capacity: 224M
 Heap Max Capacity: 3562M
 Pre-touch: Disabled
 Parallel Workers: 4
 Concurrent Workers: 1
 Concurrent Refinement Workers: 4
 Periodic GC: Disabled
Heap:
 garbage-first heap   total reserved 3647488K, committed 96256K, used 52225K [0x0000000721600000, 0x0000000800000000)
  region size 2048K, 11 young (22528K), 3 survivors (6144K)
 Metaspace       used 79748K, committed 80512K, reserved 1179648K
  class space    used 11140K, committed 11456K, reserved 1048576K
GC Heap History (20 events):
Event: 9.925 GC heap before
{Heap before GC invocations=9 (full 0):
 garbage-first heap   total reserved 3647488K, committed 49152K, used 36972K [0x0000000721600000, 0x0000000800000000)
  region size 2048K, 11 young (22528K), 2 survivors (4096K)
 Metaspace       used 35385K, committed 35968K, reserved 1114112K
  class space    used 4519K, committed 4800K, reserved 1048576K
}
Event: 9.932 GC heap after
{Heap after GC invocations=10 (full 0):
 garbage-first heap   total reserved 3647488K, committed 49152K, used 22352K [0x0000000721600000, 0x0000000800000000)
  region size 2048K, 1 young (2048K), 1 survivors (2048K)
 Metaspace       used 35385K, committed 35968K, reserved 1114112K
  class space    used 4519K, committed 4800K, reserved 1048576K
}
Event: 12.963 GC heap before
{Heap before GC invocations=11 (full 0):
 garbage-first heap   total reserved 3647488K, committed 49152K, used 40784K [0x0000000721600000, 0x0000000800000000)
  region size 2048K, 10 young (20480K), 1 survivors (2048K)
 Metaspace       used 43183K, committed 43776K, reserved 1114112K
  class space    used 5486K, committed 5760K, reserved 1048576K
}
Event: 12.967 GC heap after
{Heap after GC invocations=12 (full 0):
 garbage-first heap   total reserved 3647488K, committed 49152K, used 24124K [0x0000000721600000, 0x0000000800000000)
  region size 2048K, 2 young (4096K), 2 survivors (4096K)
 Metaspace       used 43183K, committed 43776K, reserved 1114112K
  class space    used 5486K, committed 5760K, reserved 1048576K
}
Event: 13.590 GC heap before
{Heap before GC invocations=12 (full 0):
 garbage-first heap   total reserved 3647488K, committed 49152K, used 40508K [0x0000000721600000, 0x0000000800000000)
  region size 2048K, 10 young (20480K), 2 survivors (4096K)
 Metaspace       used 47425K, committed 47936K, reserved 1114112K
  class space    used 6214K, committed 6464K, reserved 1048576K
}
Event: 13.597 GC heap after
{Heap after GC invocations=13 (full 0):
 garbage-first heap   total reserved 3647488K, committed 49152K, used 24567K [0x0000000721600000, 0x0000000800000000)
  region size 2048K, 1 young (2048K), 1 survivors (2048K)
 Metaspace       used 47425K, committed 47936K, reserved 1114112K
  class space    used 6214K, committed 6464K, reserved 1048576K
}
Event: 14.584 GC heap before
{Heap before GC invocations=13 (full 0):
 garbage-first heap   total reserved 3647488K, committed 49152K, used 40951K [0x0000000721600000, 0x0000000800000000)
  region size 2048K, 9 young (18432K), 1 survivors (2048K)
 Metaspace       used 52032K, committed 52608K, reserved 1114112K
  class space    used 6885K, committed 7104K, reserved 1048576K
}
Event: 14.587 GC heap after
{Heap after GC invocations=14 (full 0):
 garbage-first heap   total reserved 3647488K, committed 49152K, used 25315K [0x0000000721600000, 0x0000000800000000)
  region size 2048K, 1 young (2048K), 1 survivors (2048K)
 Metaspace       used 52032K, committed 52608K, reserved 1114112K
  class space    used 6885K, committed 7104K, reserved 1048576K
}
Event: 15.001 GC heap before
{Heap before GC invocations=15 (full 0):
 garbage-first heap   total reserved 3647488K, committed 49152K, used 39651K [0x0000000721600000, 0x0000000800000000)
  region size 2048K, 9 young (18432K), 1 survivors (2048K)
 Metaspace       used 55808K, committed 56384K, reserved 1114112K
  class space    used 7358K, committed 7616K, reserved 1048576K
}
Event: 15.003 GC heap after
{Heap after GC invocations=16 (full 0):
 garbage-first heap   total reserved 3647488K, committed 49152K, used 26158K [0x0000000721600000, 0x0000000800000000)
  region size 2048K, 2 young (4096K), 2 survivors (4096K)
 Metaspace       used 55808K, committed 56384K, reserved 1114112K
  class space    used 7358K, committed 7616K, reserved 1048576K
}
Event: 15.362 GC heap before
{Heap before GC invocations=16 (full 0):
 garbage-first heap   total reserved 3647488K, committed 49152K, used 38446K [0x0000000721600000, 0x0000000800000000)
  region size 2048K, 8 young (16384K), 2 survivors (4096K)
 Metaspace       used 59879K, committed 60480K, reserved 1114112K
  class space    used 8125K, committed 8384K, reserved 1048576K
}
Event: 15.367 GC heap after
{Heap after GC invocations=17 (full 0):
 garbage-first heap   total reserved 3647488K, committed 49152K, used 26675K [0x0000000721600000, 0x0000000800000000)
  region size 2048K, 1 young (2048K), 1 survivors (2048K)
 Metaspace       used 59879K, committed 60480K, reserved 1114112K
  class space    used 8125K, committed 8384K, reserved 1048576K
}
Event: 15.719 GC heap before
{Heap before GC invocations=17 (full 0):
 garbage-first heap   total reserved 3647488K, committed 49152K, used 41011K [0x0000000721600000, 0x0000000800000000)
  region size 2048K, 8 young (16384K), 1 survivors (2048K)
 Metaspace       used 63433K, committed 64128K, reserved 1114112K
  class space    used 8671K, committed 8960K, reserved 1048576K
}
Event: 15.722 GC heap after
{Heap after GC invocations=18 (full 0):
 garbage-first heap   total reserved 3647488K, committed 139264K, used 27291K [0x0000000721600000, 0x0000000800000000)
  region size 2048K, 1 young (2048K), 1 survivors (2048K)
 Metaspace       used 63433K, committed 64128K, reserved 1114112K
  class space    used 8671K, committed 8960K, reserved 1048576K
}
Event: 18.589 GC heap before
{Heap before GC invocations=19 (full 0):
 garbage-first heap   total reserved 3647488K, committed 96256K, used 82587K [0x0000000721600000, 0x0000000800000000)
  region size 2048K, 28 young (57344K), 1 survivors (2048K)
 Metaspace       used 71800K, committed 72512K, reserved 1114112K
  class space    used 10055K, committed 10368K, reserved 1048576K
}
Event: 18.595 GC heap after
{Heap after GC invocations=20 (full 0):
 garbage-first heap   total reserved 3647488K, committed 96256K, used 32208K [0x0000000721600000, 0x0000000800000000)
  region size 2048K, 3 young (6144K), 3 survivors (6144K)
 Metaspace       used 71800K, committed 72512K, reserved 1114112K
  class space    used 10055K, committed 10368K, reserved 1048576K
}
Event: 19.441 GC heap before
{Heap before GC invocations=20 (full 0):
 garbage-first heap   total reserved 3647488K, committed 96256K, used 79312K [0x0000000721600000, 0x0000000800000000)
  region size 2048K, 27 young (55296K), 3 survivors (6144K)
 Metaspace       used 76443K, committed 77120K, reserved 1179648K
  class space    used 10692K, committed 11008K, reserved 1048576K
}
Event: 19.450 GC heap after
{Heap after GC invocations=21 (full 0):
 garbage-first heap   total reserved 3647488K, committed 96256K, used 35187K [0x0000000721600000, 0x0000000800000000)
  region size 2048K, 2 young (4096K), 2 survivors (4096K)
 Metaspace       used 76443K, committed 77120K, reserved 1179648K
  class space    used 10692K, committed 11008K, reserved 1048576K
}
Event: 400.945 GC heap before
{Heap before GC invocations=21 (full 0):
 garbage-first heap   total reserved 3647488K, committed 96256K, used 82291K [0x0000000721600000, 0x0000000800000000)
  region size 2048K, 25 young (51200K), 2 survivors (4096K)
 Metaspace       used 79738K, committed 80512K, reserved 1179648K
  class space    used 11140K, committed 11456K, reserved 1048576K
}
Event: 400.952 GC heap after
{Heap after GC invocations=22 (full 0):
 garbage-first heap   total reserved 3647488K, committed 96256K, used 37889K [0x0000000721600000, 0x0000000800000000)
  region size 2048K, 3 young (6144K), 3 survivors (6144K)
 Metaspace       used 79738K, committed 80512K, reserved 1179648K
  class space    used 11140K, committed 11456K, reserved 1048576K
}

